<?xml version="1.0" encoding="UTF-8"?>
<testng-results skipped="0" failed="1" ignored="0" total="4" passed="3">
  <reporter-output>
  </reporter-output>
  <suite name="TestNGSuiteParellenRunning" duration-ms="14596" started-at="2018-12-25T04:34:56Z" finished-at="2018-12-25T04:35:10Z">
    <groups>
    </groups>
    <test name="testGuru999SIkhie che" duration-ms="14596" started-at="2018-12-25T04:34:56Z" finished-at="2018-12-25T04:35:10Z">
      <class name="step.com.testNG.TestNGListenerDemo">
        <test-method status="PASS" signature="beforeTest()[pri:0, instance:step.com.testNG.TestNGListenerDemo@cb5822]" name="beforeTest" is-config="true" duration-ms="4709" started-at="2018-12-25T04:34:56Z" finished-at="2018-12-25T04:35:00Z">
          <reporter-output>
          </reporter-output>
        </test-method> <!-- beforeTest -->
        <test-method status="PASS" signature="beforeTest()[pri:0, instance:step.com.testNG.TestNgInstallationCheck@4b9e13df]" name="beforeTest" is-config="true" duration-ms="2405" started-at="2018-12-25T04:35:00Z" finished-at="2018-12-25T04:35:03Z">
          <reporter-output>
          </reporter-output>
        </test-method> <!-- beforeTest -->
        <test-method status="PASS" signature="Login()[pri:0, instance:step.com.testNG.TestNGListenerDemo@cb5822]" name="Login" duration-ms="1706" started-at="2018-12-25T04:35:09Z" finished-at="2018-12-25T04:35:10Z">
          <reporter-output>
          </reporter-output>
        </test-method> <!-- Login -->
        <test-method status="FAIL" signature="getTitleOfLoginPage()[pri:0, instance:step.com.testNG.TestNGListenerDemo@cb5822]" name="getTitleOfLoginPage" duration-ms="20" started-at="2018-12-25T04:35:10Z" finished-at="2018-12-25T04:35:10Z">
          <exception class="java.lang.AssertionError">
            <message>
              <![CDATA[expected [Guru99 Bank Home Page] but found [Guru99 Bank Manager HomePage]]]>
            </message>
            <full-stacktrace>
              <![CDATA[java.lang.AssertionError: expected [Guru99 Bank Home Page] but found [Guru99 Bank Manager HomePage]
at org.testng.Assert.fail(Assert.java:96)
at org.testng.Assert.failNotEquals(Assert.java:776)
at org.testng.Assert.assertEqualsImpl(Assert.java:137)
at org.testng.Assert.assertEquals(Assert.java:118)
at org.testng.Assert.assertEquals(Assert.java:453)
at org.testng.Assert.assertEquals(Assert.java:463)
at step.com.testNG.TestNGListenerDemo.getTitleOfLoginPage(TestNGListenerDemo.java:43)
at sun.reflect.NativeMethodAccessorImpl.invoke0(Native Method)
at sun.reflect.NativeMethodAccessorImpl.invoke(NativeMethodAccessorImpl.java:62)
at sun.reflect.DelegatingMethodAccessorImpl.invoke(DelegatingMethodAccessorImpl.java:43)
at java.lang.reflect.Method.invoke(Method.java:498)
at org.testng.internal.MethodInvocationHelper.invokeMethod(MethodInvocationHelper.java:124)
at org.testng.internal.Invoker.invokeMethod(Invoker.java:580)
at org.testng.internal.Invoker.invokeTestMethod(Invoker.java:716)
at org.testng.internal.Invoker.invokeTestMethods(Invoker.java:988)
at org.testng.internal.TestMethodWorker.invokeTestMethods(TestMethodWorker.java:125)
at org.testng.internal.TestMethodWorker.run(TestMethodWorker.java:109)
at org.testng.TestRunner.privateRun(TestRunner.java:648)
at org.testng.TestRunner.run(TestRunner.java:505)
at org.testng.SuiteRunner.runTest(SuiteRunner.java:455)
at org.testng.SuiteRunner.runSequentially(SuiteRunner.java:450)
at org.testng.SuiteRunner.privateRun(SuiteRunner.java:415)
at org.testng.SuiteRunner.run(SuiteRunner.java:364)
at org.testng.SuiteRunnerWorker.runSuite(SuiteRunnerWorker.java:52)
at org.testng.SuiteRunnerWorker.run(SuiteRunnerWorker.java:84)
at org.testng.TestNG.runSuitesSequentially(TestNG.java:1208)
at org.testng.TestNG.runSuitesLocally(TestNG.java:1137)
at org.testng.TestNG.runSuites(TestNG.java:1049)
at org.testng.TestNG.run(TestNG.java:1017)
at org.testng.remote.AbstractRemoteTestNG.run(AbstractRemoteTestNG.java:114)
at org.testng.remote.RemoteTestNG.initAndRun(RemoteTestNG.java:251)
at org.testng.remote.RemoteTestNG.main(RemoteTestNG.java:77)
]]>
            </full-stacktrace>
          </exception> <!-- java.lang.AssertionError -->
          <reporter-output>
          </reporter-output>
        </test-method> <!-- getTitleOfLoginPage -->
      </class> <!-- step.com.testNG.TestNGListenerDemo -->
      <class name="step.com.testNG.YahooLoginParameters_XMLFile">
        <test-method status="PASS" signature="yahooLoginDetails(java.lang.String, java.lang.String)[pri:0, instance:step.com.testNG.YahooLoginParameters_XMLFile@2b98378d]" name="yahooLoginDetails" duration-ms="5608" started-at="2018-12-25T04:35:03Z" finished-at="2018-12-25T04:35:09Z">
          <params>
            <param index="0">
              <value>
                <![CDATA[https://login.yahoo.com/]]>
              </value>
            </param>
            <param index="1">
              <value>
                <![CDATA[test1234@yahoo.com]]>
              </value>
            </param>
          </params>
          <reporter-output>
          </reporter-output>
        </test-method> <!-- yahooLoginDetails -->
      </class> <!-- step.com.testNG.YahooLoginParameters_XMLFile -->
      <class name="step.com.testNG.TestNgInstallationCheck">
        <test-method status="PASS" signature="verifyHomepage()[pri:0, instance:step.com.testNG.TestNgInstallationCheck@4b9e13df]" name="verifyHomepage" duration-ms="6" started-at="2018-12-25T04:35:10Z" finished-at="2018-12-25T04:35:10Z">
          <reporter-output>
          </reporter-output>
        </test-method> <!-- verifyHomepage -->
        <test-method status="PASS" signature="afterTest()[pri:0, instance:step.com.testNG.TestNgInstallationCheck@4b9e13df]" name="afterTest" is-config="true" duration-ms="115" started-at="2018-12-25T04:35:10Z" finished-at="2018-12-25T04:35:10Z">
          <reporter-output>
          </reporter-output>
        </test-method> <!-- afterTest -->
      </class> <!-- step.com.testNG.TestNgInstallationCheck -->
    </test> <!-- testGuru999SIkhie che -->
  </suite> <!-- TestNGSuiteParellenRunning -->
</testng-results>
